<?xml version="1.0" encoding="UTF-8" ?>
<testsuite tests="13" failures="0" name="cucumber.teste.BancoTeste" time="0.86" errors="0" skipped="3">
  <properties>
[...]
</properties>
  <testcase classname="Cenario: Verifica o total de contas criadas" name="Dado que as contas sao do \&quot;Banco do Brasil\&quot;" time="0.001"/>
  <testcase classname="Cenario: Verifica o total de contas criadas" name="Dado o calculo do total de contas criadas" time="0"/>
  <testcase classname="Cenario: Verifica o total de contas criadas" name="Entao o total de contas e 3" time="0"/>
  <testcase classname="Cenario: Verifica o total de contas criadas" name="Cenario: Verifica o total de contas criadas" time="0"/>
  <testcase classname="Cenario: Verifica o total de dinheiro no banco" name="Dado que as contas sao do \&quot;Banco do Brasil\&quot;" time="0"/>
  <testcase classname="Cenario: Verifica o total de dinheiro no banco" name="Dado o calculo do total de dinheiro" time="0"/>
  <testcase classname="Cenario: Verifica o total de dinheiro no banco" name="Entao o total de dinheiro no banco e 500" time="0"/>
  <testcase classname="Cenario: Verifica o total de dinheiro no banco" name="Cenario: Verifica o total de dinheiro no banco" time="0"/>
  <testcase classname="Cenario: Verifica o saldo da conta de numero 111" name="Dado que as contas sao do \&quot;Banco do Brasil\&quot;" time="0"/>
  <testcase classname="Cenario: Verifica o saldo da conta de numero 111" name="Dado o numero 111" time="0">
    <skipped/>
  </testcase>
  <testcase classname="Cenario: Verifica o saldo da conta de numero 111" name="Entao o saldo e 100" time="0">
    <skipped/>
  </testcase>
  <testcase classname="Cenario: Verifica o saldo da conta de numero 111" name="Cenario: Verifica o saldo da conta de numero 111" time="0">
    <skipped/>
  </testcase>
  <testcase classname="Cenario: Verifica o saldo da conta de numero 111" name="Cenario: Verifica o saldo da conta de numero 111" time="0"/>
</testsuite>