<?xml version="1.0" encoding="UTF-8" ?>
<testsuite tests="12" failures="0" name="cucumber.teste.ContaTeste" time="0.62" errors="0" skipped="0">
  <properties>
[...]
</properties>
  <testcase classname="| Brendo | 111 | 1000 | 0 | 100 | 10 | 10 | 80 |" name="Dado a conta criada para o dono \&quot;Brendo\&quot; de numero 111 com o limite 1000 e saldo 0" time="0.001"/>
  <testcase classname="| Brendo | 111 | 1000 | 0 | 100 | 10 | 10 | 80 |" name="Quando o dono realiza o deposito no valor de 100 na conta" time="0"/>
  <testcase classname="| Brendo | 111 | 1000 | 0 | 100 | 10 | 10 | 80 |" name="E o dono realiza o primeiro saque no valor de 10 na conta" time="0.001"/>
  <testcase classname="| Brendo | 111 | 1000 | 0 | 100 | 10 | 10 | 80 |" name="E o dono realiza o segundo saque no valor de 10 na conta" time="0.001"/>
  <testcase classname="| Brendo | 111 | 1000 | 0 | 100 | 10 | 10 | 80 |" name="Entao o dono tem o saldo no valor de 80 na conta" time="0"/>
  <testcase classname="| Brendo | 111 | 1000 | 0 | 100 | 10 | 10 | 80 |" name="| Brendo | 111 | 1000 | 0 | 100 | 10 | 10 | 80 |" time="0"/>
  <testcase classname="| Hiago | 222 | 1000 | 0 | 200 | 10 | 10 | 180 |" name="Dado a conta criada para o dono \&quot;Hiago\&quot; de numero 222 com o limite 1000 e saldo 0" time="0"/>
  <testcase classname="| Hiago | 222 | 1000 | 0 | 200 | 10 | 10 | 180 |" name="Quando o dono realiza o deposito no valor de 200 na conta" time="0"/>
  <testcase classname="| Hiago | 222 | 1000 | 0 | 200 | 10 | 10 | 180 |" name="E o dono realiza o primeiro saque no valor de 10 na conta" time="0"/>
  <testcase classname="| Hiago | 222 | 1000 | 0 | 200 | 10 | 10 | 180 |" name="E o dono realiza o segundo saque no valor de 10 na conta" time="0"/>
  <testcase classname="| Hiago | 222 | 1000 | 0 | 200 | 10 | 10 | 180 |" name="Entao o dono tem o saldo no valor de 180 na conta" time="0.002"/>
  <testcase classname="| Hiago | 222 | 1000 | 0 | 200 | 10 | 10 | 180 |" name="| Hiago | 222 | 1000 | 0 | 200 | 10 | 10 | 180 |" time="0.002"/>
</testsuite>